[2019-04-19 18:32:20,289]|ERROR|[emis,,,]|[main]|o.s.boot.SpringApplication:858|Application run failed
java.lang.IllegalStateException: Logback configuration error detected: 
ERROR in ch.qos.logback.core.joran.action.AppenderAction - Could not create an Appender of type [org.perf4j.logback.AsyncCoalescingStatisticsAppender]. ch.qos.logback.core.util.DynamicClassLoadingException: Failed to instantiate type org.perf4j.logback.AsyncCoalescingStatisticsAppender
ERROR in ch.qos.logback.core.joran.spi.Interpreter@129:76 - ActionException in Action for tag [appender] ch.qos.logback.core.joran.spi.ActionException: ch.qos.logback.core.util.DynamicClassLoadingException: Failed to instantiate type org.perf4j.logback.AsyncCoalescingStatisticsAppender
ERROR in ch.qos.logback.core.joran.action.AppenderAction - Could not create an Appender of type [org.perf4j.logback.AsyncCoalescingStatisticsAppender]. ch.qos.logback.core.util.DynamicClassLoadingException: Failed to instantiate type org.perf4j.logback.AsyncCoalescingStatisticsAppender
ERROR in ch.qos.logback.core.joran.spi.Interpreter@136:76 - ActionException in Action for tag [appender] ch.qos.logback.core.joran.spi.ActionException: ch.qos.logback.core.util.DynamicClassLoadingException: Failed to instantiate type org.perf4j.logback.AsyncCoalescingStatisticsAppender
ERROR in ch.qos.logback.core.joran.action.AppenderAction - Could not create an Appender of type [org.perf4j.logback.AsyncCoalescingStatisticsAppender]. ch.qos.logback.core.util.DynamicClassLoadingException: Failed to instantiate type org.perf4j.logback.AsyncCoalescingStatisticsAppender
ERROR in ch.qos.logback.core.joran.spi.Interpreter@144:76 - ActionException in Action for tag [appender] ch.qos.logback.core.joran.spi.ActionException: ch.qos.logback.core.util.DynamicClassLoadingException: Failed to instantiate type org.perf4j.logback.AsyncCoalescingStatisticsAppender
ERROR in ch.qos.logback.core.joran.action.AppenderRefAction - Could not find an appender named [CoalescingStatistics]. Did you define it below instead of above in the configuration file?
ERROR in ch.qos.logback.core.joran.action.AppenderRefAction - See http://logback.qos.ch/codes.html#appender_order for more details.
ERROR in ch.qos.logback.core.joran.action.AppenderRefAction - Could not find an appender named [CoalescingStatistics_Myibatis]. Did you define it below instead of above in the configuration file?
ERROR in ch.qos.logback.core.joran.action.AppenderRefAction - See http://logback.qos.ch/codes.html#appender_order for more details.
ERROR in ch.qos.logback.core.joran.action.AppenderRefAction - Could not find an appender named [CoalescingStatistics_Service]. Did you define it below instead of above in the configuration file?
ERROR in ch.qos.logback.core.joran.action.AppenderRefAction - See http://logback.qos.ch/codes.html#appender_order for more details.
	at org.springframework.boot.logging.logback.LogbackLoggingSystem.loadConfiguration(LogbackLoggingSystem.java:169)
	at org.springframework.boot.logging.AbstractLoggingSystem.initializeWithConventions(AbstractLoggingSystem.java:82)
	at org.springframework.boot.logging.AbstractLoggingSystem.initialize(AbstractLoggingSystem.java:60)
	at org.springframework.boot.logging.logback.LogbackLoggingSystem.initialize(LogbackLoggingSystem.java:117)
	at org.springframework.boot.context.logging.LoggingApplicationListener.initializeSystem(LoggingApplicationListener.java:290)
	at org.springframework.boot.context.logging.LoggingApplicationListener.initialize(LoggingApplicationListener.java:263)
	at org.springframework.boot.context.logging.LoggingApplicationListener.onApplicationEnvironmentPreparedEvent(LoggingApplicationListener.java:226)
	at org.springframework.boot.context.logging.LoggingApplicationListener.onApplicationEvent(LoggingApplicationListener.java:199)
	at org.springframework.context.event.SimpleApplicationEventMulticaster.doInvokeListener(SimpleApplicationEventMulticaster.java:172)
	at org.springframework.context.event.SimpleApplicationEventMulticaster.invokeListener(SimpleApplicationEventMulticaster.java:165)
	at org.springframework.context.event.SimpleApplicationEventMulticaster.multicastEvent(SimpleApplicationEventMulticaster.java:139)
	at org.springframework.context.event.SimpleApplicationEventMulticaster.multicastEvent(SimpleApplicationEventMulticaster.java:127)
	at org.springframework.boot.context.event.EventPublishingRunListener.environmentPrepared(EventPublishingRunListener.java:75)
	at org.springframework.boot.SpringApplicationRunListeners.environmentPrepared(SpringApplicationRunListeners.java:54)
	at org.springframework.boot.SpringApplication.prepareEnvironment(SpringApplication.java:347)
	at org.springframework.boot.SpringApplication.run(SpringApplication.java:306)
	at org.springframework.boot.SpringApplication.run(SpringApplication.java:1260)
	at org.springframework.boot.SpringApplication.run(SpringApplication.java:1248)
	at com.junjie.eims.EimsApplication.main(EimsApplication.java:12)
[2019-04-19 18:32:20,289]|ERROR|[emis,,,]|[main]|o.s.boot.SpringApplication:858|Application run failed
java.lang.IllegalStateException: Logback configuration error detected: 
ERROR in ch.qos.logback.core.joran.action.AppenderAction - Could not create an Appender of type [org.perf4j.logback.AsyncCoalescingStatisticsAppender]. ch.qos.logback.core.util.DynamicClassLoadingException: Failed to instantiate type org.perf4j.logback.AsyncCoalescingStatisticsAppender
ERROR in ch.qos.logback.core.joran.spi.Interpreter@129:76 - ActionException in Action for tag [appender] ch.qos.logback.core.joran.spi.ActionException: ch.qos.logback.core.util.DynamicClassLoadingException: Failed to instantiate type org.perf4j.logback.AsyncCoalescingStatisticsAppender
ERROR in ch.qos.logback.core.joran.action.AppenderAction - Could not create an Appender of type [org.perf4j.logback.AsyncCoalescingStatisticsAppender]. ch.qos.logback.core.util.DynamicClassLoadingException: Failed to instantiate type org.perf4j.logback.AsyncCoalescingStatisticsAppender
ERROR in ch.qos.logback.core.joran.spi.Interpreter@136:76 - ActionException in Action for tag [appender] ch.qos.logback.core.joran.spi.ActionException: ch.qos.logback.core.util.DynamicClassLoadingException: Failed to instantiate type org.perf4j.logback.AsyncCoalescingStatisticsAppender
ERROR in ch.qos.logback.core.joran.action.AppenderAction - Could not create an Appender of type [org.perf4j.logback.AsyncCoalescingStatisticsAppender]. ch.qos.logback.core.util.DynamicClassLoadingException: Failed to instantiate type org.perf4j.logback.AsyncCoalescingStatisticsAppender
ERROR in ch.qos.logback.core.joran.spi.Interpreter@144:76 - ActionException in Action for tag [appender] ch.qos.logback.core.joran.spi.ActionException: ch.qos.logback.core.util.DynamicClassLoadingException: Failed to instantiate type org.perf4j.logback.AsyncCoalescingStatisticsAppender
ERROR in ch.qos.logback.core.joran.action.AppenderRefAction - Could not find an appender named [CoalescingStatistics]. Did you define it below instead of above in the configuration file?
ERROR in ch.qos.logback.core.joran.action.AppenderRefAction - See http://logback.qos.ch/codes.html#appender_order for more details.
ERROR in ch.qos.logback.core.joran.action.AppenderRefAction - Could not find an appender named [CoalescingStatistics_Myibatis]. Did you define it below instead of above in the configuration file?
ERROR in ch.qos.logback.core.joran.action.AppenderRefAction - See http://logback.qos.ch/codes.html#appender_order for more details.
ERROR in ch.qos.logback.core.joran.action.AppenderRefAction - Could not find an appender named [CoalescingStatistics_Service]. Did you define it below instead of above in the configuration file?
ERROR in ch.qos.logback.core.joran.action.AppenderRefAction - See http://logback.qos.ch/codes.html#appender_order for more details.
	at org.springframework.boot.logging.logback.LogbackLoggingSystem.loadConfiguration(LogbackLoggingSystem.java:169)
	at org.springframework.boot.logging.AbstractLoggingSystem.initializeWithConventions(AbstractLoggingSystem.java:82)
	at org.springframework.boot.logging.AbstractLoggingSystem.initialize(AbstractLoggingSystem.java:60)
	at org.springframework.boot.logging.logback.LogbackLoggingSystem.initialize(LogbackLoggingSystem.java:117)
	at org.springframework.boot.context.logging.LoggingApplicationListener.initializeSystem(LoggingApplicationListener.java:290)
	at org.springframework.boot.context.logging.LoggingApplicationListener.initialize(LoggingApplicationListener.java:263)
	at org.springframework.boot.context.logging.LoggingApplicationListener.onApplicationEnvironmentPreparedEvent(LoggingApplicationListener.java:226)
	at org.springframework.boot.context.logging.LoggingApplicationListener.onApplicationEvent(LoggingApplicationListener.java:199)
	at org.springframework.context.event.SimpleApplicationEventMulticaster.doInvokeListener(SimpleApplicationEventMulticaster.java:172)
	at org.springframework.context.event.SimpleApplicationEventMulticaster.invokeListener(SimpleApplicationEventMulticaster.java:165)
	at org.springframework.context.event.SimpleApplicationEventMulticaster.multicastEvent(SimpleApplicationEventMulticaster.java:139)
	at org.springframework.context.event.SimpleApplicationEventMulticaster.multicastEvent(SimpleApplicationEventMulticaster.java:127)
	at org.springframework.boot.context.event.EventPublishingRunListener.environmentPrepared(EventPublishingRunListener.java:75)
	at org.springframework.boot.SpringApplicationRunListeners.environmentPrepared(SpringApplicationRunListeners.java:54)
	at org.springframework.boot.SpringApplication.prepareEnvironment(SpringApplication.java:347)
	at org.springframework.boot.SpringApplication.run(SpringApplication.java:306)
	at org.springframework.boot.SpringApplication.run(SpringApplication.java:1260)
	at org.springframework.boot.SpringApplication.run(SpringApplication.java:1248)
	at com.junjie.eims.EimsApplication.main(EimsApplication.java:12)
